13:44:29.626 [main                     ] DEBUG Logger               - Configured Logger
13:44:29.639 [main                     ] DEBUG GameApplication      - Logging settings
Title: Basic Game App
Version: 0.1
Width: 1280
Height: 720
Fullscreen: false
Intro: false
Profiling: false
Single step:false
App Mode: DEVELOPER
Menu Key: ESCAPE
Stage Style: DECORATED
Scene Factory: class com.almasb.fxgl.app.scene.SceneFactory

13:44:30.070 [JavaFX Application Thread] DEBUG FXGLApplication      - Initializing FXGL
13:44:30.072 [JavaFX Application Thread] INFO  Engine               - FXGL-11.16 (25.05.2021 08.16) on WINDOWS (J:15.0.1 FX:17)
13:44:30.072 [JavaFX Application Thread] DEBUG Engine               - JRE Vendor Name: Oracle Corporation
13:44:30.073 [JavaFX Application Thread] DEBUG Engine               - Running on OS: Windows 10 version 10.0
13:44:30.073 [JavaFX Application Thread] DEBUG Engine               - Architecture: amd64
13:44:30.073 [JavaFX Application Thread] INFO  Engine               - Source code and latest versions at: https://github.com/AlmasB/FXGL
13:44:30.073 [JavaFX Application Thread] INFO  Engine               -              Join the FXGL chat at: https://gitter.im/AlmasB/FXGL
13:44:30.168 [JavaFX Application Thread] DEBUG PrimaryStageWindow   - Creating a JavaFX scene
13:44:30.208 [JavaFX Application Thread] DEBUG PrimaryStageWindow   - Target settings size: 1280.0 x 720.0
13:44:30.209 [JavaFX Application Thread] DEBUG PrimaryStageWindow   - Scaled scene size:    1280.0 x 720.0
13:44:30.209 [JavaFX Application Thread] DEBUG PrimaryStageWindow   - Scaled ratio: (1.0, 1.0)
13:44:30.210 [JavaFX Application Thread] DEBUG PrimaryStageWindow   - Set initial scene to FXGLStartupScene
13:44:30.216 [JavaFX Application Thread] DEBUG PrimaryStageWindow   - Opening main window
13:44:30.287 [JavaFX Application Thread] DEBUG PrimaryStageWindow   - Window border size: (14.4000244140625, 37.5999755859375)
13:44:30.287 [JavaFX Application Thread] DEBUG PrimaryStageWindow   - Scaled size: 1280.0 x 720.0
13:44:30.287 [JavaFX Application Thread] DEBUG PrimaryStageWindow   - Scaled ratio: (1.0, 1.0)
13:44:30.287 [JavaFX Application Thread] DEBUG PrimaryStageWindow   - Scene size: 1280.0 x 720.0
13:44:30.287 [JavaFX Application Thread] DEBUG PrimaryStageWindow   - Stage size: 1294.4000244140625 x 757.5999755859375
13:44:30.294 [FXGL Background Thread 1 ] DEBUG Engine               - Initializing environment variables
13:44:30.323 [FXGL Background Thread 1 ] DEBUG FXGLAssetLoaderServi - User app class for loading assets: class com.university.maastricht.Main
13:44:30.323 [FXGL Background Thread 1 ] DEBUG GameApplicationServi - Applying CSS: fxgl_dark.css
13:44:30.323 [FXGL Background Thread 1 ] DEBUG FXGLAssetLoaderServi - Loading from file system: jar:file:/C:/Users/Daan/.gradle/caches/modules-2/files-2.1/com.github.almasb/fxgl/11.16/b133101fbcd16d99081b8b6aa095be0cd3166eec/fxgl-11.16.jar!/fxglassets/ui/css/fxgl_dark.css
13:44:30.361 [FXGL Background Thread 1 ] DEBUG GameApplicationServi - Initializing application scenes
13:44:30.393 [FXGL Background Thread 1 ] DEBUG GameWorld            - Game world initialized
13:44:30.450 [FXGL Background Thread 1 ] DEBUG PhysicsWorld         - Physics world initialized: appHeight=720, physics.ppm=50,0
13:44:30.450 [FXGL Background Thread 1 ] DEBUG PhysicsWorld         - Using strategy: BRUTE_FORCE
13:44:30.452 [FXGL Background Thread 1 ] DEBUG GameScene            - Game scene initialized: 1280x720
13:44:30.464 [FXGL Background Thread 1 ] DEBUG FXGL.DefaultMenu     - createMenuBodyGameMenu()
13:44:30.478 [FXGL Background Thread 1 ] DEBUG FXGL.DefaultMenu     - createOptionsMenu()
13:44:30.486 [FXGL Background Thread 1 ] DEBUG FXGLAssetLoaderServi - Loading from file system: jar:file:/C:/Users/Daan/.gradle/caches/modules-2/files-2.1/com.github.almasb/fxgl/11.16/b133101fbcd16d99081b8b6aa095be0cd3166eec/fxgl-11.16.jar!/fxglassets/textures/particles/smoke.png
13:44:30.565 [FXGL Background Thread 1 ] DEBUG FXGLAssetLoaderServi - Loading from file system: jar:file:/C:/Users/Daan/.gradle/caches/modules-2/files-2.1/com.github.almasb/fxgl/11.16/b133101fbcd16d99081b8b6aa095be0cd3166eec/fxgl-11.16.jar!/fxglassets/textures/particles/trace_horizontal.png
13:44:30.595 [FXGL Background Thread 1 ] DEBUG GameApplicationServi - Application scenes initialized
13:44:30.605 [FXGL Background Thread 1 ] DEBUG SystemBundleService  - Loading FXGL system data
13:44:30.608 [FXGL Background Thread 1 ] DEBUG FileSystemAccess     - Reading from: C:\Users\Daan\IdeaProjects\School\bamboogame\system\fxgl.bundle
13:44:30.613 [FXGL Background Thread 1 ] DEBUG SystemBundleService  - Bundle FXGL: {}
13:44:30.614 [FXGL Background Thread 1 ] DEBUG UpdaterService       - Checking for updates
13:44:30.618 [FXGL Background Thread 4 ] DEBUG FXGLApplication      - Loading fonts
13:44:30.618 [FXGL Background Thread 1 ] DEBUG FXGLApplication      - Loading default localization
13:44:30.619 [FXGL Background Thread 4 ] DEBUG FXGLAssetLoaderServi - Loading from file system: jar:file:/C:/Users/Daan/.gradle/caches/modules-2/files-2.1/com.github.almasb/fxgl/11.16/b133101fbcd16d99081b8b6aa095be0cd3166eec/fxgl-11.16.jar!/fxglassets/ui/fonts/VarelaRound-Regular.ttf
13:44:30.619 [FXGL Background Thread 1 ] DEBUG FXGLAssetLoaderServi - Loading from file system: jar:file:/C:/Users/Daan/.gradle/caches/modules-2/files-2.1/com.github.almasb/fxgl/11.16/b133101fbcd16d99081b8b6aa095be0cd3166eec/fxgl-11.16.jar!/fxglassets/languages/english.lang
13:44:30.638 [FXGL Background Thread 1 ] INFO  FXGLApplication      - FXGL initialization took: 0,344 sec
13:44:30.651 [JavaFX Application Thread] DEBUG Input                - Registered new binding: Move Right - D
13:44:30.652 [JavaFX Application Thread] DEBUG FXGLAssetLoaderServi - Loading from file system: jar:file:/C:/Users/Daan/.gradle/caches/modules-2/files-2.1/com.github.almasb/fxgl/11.16/b133101fbcd16d99081b8b6aa095be0cd3166eec/fxgl-11.16.jar!/fxglassets/textures/fxgl_icon.png
13:44:30.679 [JavaFX Application Thread] DEBUG FXGLAssetLoaderServi - Loading from file system: jar:file:/C:/Users/Daan/.gradle/caches/modules-2/files-2.1/com.github.almasb/fxgl/11.16/b133101fbcd16d99081b8b6aa095be0cd3166eec/fxgl-11.16.jar!/fxglassets/textures/fxgl_default_cursor.png
13:44:30.681 [JavaFX Application Thread] DEBUG Input                - Registered new binding: Screenshot - CTRL+8
13:44:30.682 [JavaFX Application Thread] DEBUG Input                - Registered new binding: System info dump - CTRL+9
13:44:30.682 [JavaFX Application Thread] DEBUG Input                - Registered new binding: Restart - CTRL+R
13:44:30.683 [JavaFX Application Thread] DEBUG Input                - Registered new binding: Toggle Debug Camera - CTRL+C
13:44:30.686 [JavaFX Application Thread] DEBUG LoopRunner           - Starting loop
13:44:30.686 [JavaFX Application Thread] DEBUG LoopRunner           - Initializing JavaFX AnimationTimerLoop
13:44:30.688 [JavaFX Application Thread] DEBUG GameApplicationServi - Starting new game
13:44:30.689 [JavaFX Application Thread] DEBUG Input                - Clearing active input actions
13:44:30.696 [FXGL Background Thread 4 ] DEBUG FXGLAssetLoaderServi - Loading from file system: jar:file:/C:/Users/Daan/.gradle/caches/modules-2/files-2.1/com.github.almasb/fxgl/11.16/b133101fbcd16d99081b8b6aa095be0cd3166eec/fxgl-11.16.jar!/fxglassets/ui/fonts/Abel-Regular.ttf
13:44:30.700 [FXGL Background Thread 4 ] DEBUG FXGLAssetLoaderServi - Loading from file system: jar:file:/C:/Users/Daan/.gradle/caches/modules-2/files-2.1/com.github.almasb/fxgl/11.16/b133101fbcd16d99081b8b6aa095be0cd3166eec/fxgl-11.16.jar!/fxglassets/ui/fonts/lucida_console.ttf
13:44:30.702 [JavaFX Application Thread] DEBUG GameApplicationServi - Removing overlay from FXGLStartupScene and adding to FXGLLoadingScene
13:44:30.702 [JavaFX Application Thread] DEBUG PrimaryStageWindow   - FXGLStartupScene -> FXGLLoadingScene
13:44:30.703 [JavaFX Application Thread] DEBUG GameApplicationServi - Clearing previous game
13:44:30.703 [JavaFX Application Thread] DEBUG GameScene            - Clearing game scene
13:44:30.703 [JavaFX Application Thread] DEBUG GameWorld            - Clearing game world
13:44:30.703 [JavaFX Application Thread] DEBUG PhysicsWorld         - Clearing physics world
13:44:30.705 [FXGL Background Thread 1 ] DEBUG FXGLApplication      - Initializing game
13:44:30.705 [FXGL Background Thread 4 ] DEBUG FXGLAssetLoaderServi - Loading from file system: jar:file:/C:/Users/Daan/.gradle/caches/modules-2/files-2.1/com.github.almasb/fxgl/11.16/b133101fbcd16d99081b8b6aa095be0cd3166eec/fxgl-11.16.jar!/fxglassets/ui/fonts/Courier-Prime.ttf
13:44:30.711 [FXGL Background Thread 1 ] INFO  FXGLApplication      - Game initialization took: 0,007 sec
13:44:30.744 [JavaFX Application Thread] DEBUG FXGLApplication      - Registering font factories with UI factory
13:44:30.745 [JavaFX Application Thread] DEBUG Input                - Clearing active input actions
13:44:30.752 [JavaFX Application Thread] DEBUG GameApplicationServi - Removing overlay from FXGLLoadingScene and adding to GameScene
13:44:30.752 [JavaFX Application Thread] DEBUG PrimaryStageWindow   - FXGLLoadingScene -> GameScene
13:44:30.984 [FXGL Background Thread 2 ] INFO  UpdaterService       - Your current version:  11.16
13:44:30.984 [FXGL Background Thread 2 ] INFO  UpdaterService       - Latest stable version: 11.17
13:44:33.432 [JavaFX Application Thread] DEBUG FXGLApplication      - Exiting FXGL
13:44:33.432 [JavaFX Application Thread] DEBUG LoopRunner           - Stopping loop
13:44:33.432 [JavaFX Application Thread] DEBUG SystemBundleService  - Saving FXGL system data
13:44:33.434 [JavaFX Application Thread] DEBUG FileSystemAccess     - Writing to: C:\Users\Daan\IdeaProjects\School\bamboogame\system\fxgl.bundle
13:44:33.435 [JavaFX Application Thread] DEBUG Async                - Shutting down background threads
13:44:33.436 [JavaFX Application Thread] DEBUG PrimaryStageWindow   - Closing main window
13:44:33.447 [JavaFX Application Thread] DEBUG Logger               - Closing Logger
