00:43:37.227 [main                     ] DEBUG Logger               - Configured Logger
00:43:37.242 [main                     ] DEBUG GameApplication      - Logging settings
Title: Basic Game App
Version: 0.0
Width: 1280
Height: 720
Fullscreen: false
Intro: false
Profiling: false
Single step:false
App Mode: DEVELOPER
Menu Key: ESCAPE
Stage Style: DECORATED
Scene Factory: class com.almasb.fxgl.app.scene.SceneFactory

00:43:37.808 [JavaFX Application Thread] DEBUG FXGLApplication      - Initializing FXGL
00:43:37.809 [JavaFX Application Thread] INFO  Engine               - FXGL-11.16 (25.05.2021 08.16) on WINDOWS (J:15.0.1 FX:17)
00:43:37.810 [JavaFX Application Thread] DEBUG Engine               - JRE Vendor Name: Oracle Corporation
00:43:37.810 [JavaFX Application Thread] DEBUG Engine               - Running on OS: Windows 10 version 10.0
00:43:37.810 [JavaFX Application Thread] DEBUG Engine               - Architecture: amd64
00:43:37.810 [JavaFX Application Thread] INFO  Engine               - Source code and latest versions at: https://github.com/AlmasB/FXGL
00:43:37.810 [JavaFX Application Thread] INFO  Engine               -              Join the FXGL chat at: https://gitter.im/AlmasB/FXGL
00:43:37.914 [JavaFX Application Thread] DEBUG PrimaryStageWindow   - Creating a JavaFX scene
00:43:37.961 [JavaFX Application Thread] DEBUG PrimaryStageWindow   - Target settings size: 1280.0 x 720.0
00:43:37.961 [JavaFX Application Thread] DEBUG PrimaryStageWindow   - Scaled scene size:    1280.0 x 720.0
00:43:37.961 [JavaFX Application Thread] DEBUG PrimaryStageWindow   - Scaled ratio: (1.0, 1.0)
00:43:37.962 [JavaFX Application Thread] DEBUG PrimaryStageWindow   - Set initial scene to FXGLStartupScene
00:43:37.969 [JavaFX Application Thread] DEBUG PrimaryStageWindow   - Opening main window
00:43:38.060 [JavaFX Application Thread] DEBUG PrimaryStageWindow   - Window border size: (14.4000244140625, 37.5999755859375)
00:43:38.060 [JavaFX Application Thread] DEBUG PrimaryStageWindow   - Scaled size: 1280.0 x 720.0
00:43:38.060 [JavaFX Application Thread] DEBUG PrimaryStageWindow   - Scaled ratio: (1.0, 1.0)
00:43:38.060 [JavaFX Application Thread] DEBUG PrimaryStageWindow   - Scene size: 1280.0 x 720.0
00:43:38.061 [JavaFX Application Thread] DEBUG PrimaryStageWindow   - Stage size: 1294.4000244140625 x 757.5999755859375
00:43:38.068 [FXGL Background Thread 1 ] DEBUG Engine               - Initializing environment variables
00:43:38.103 [FXGL Background Thread 1 ] DEBUG FXGLAssetLoaderServi - User app class for loading assets: class com.university.maastricht.Main
00:43:38.103 [FXGL Background Thread 1 ] DEBUG GameApplicationServi - Applying CSS: fxgl_dark.css
00:43:38.104 [FXGL Background Thread 1 ] DEBUG FXGLAssetLoaderServi - Loading from file system: jar:file:/C:/Users/Daan/.gradle/caches/modules-2/files-2.1/com.github.almasb/fxgl/11.16/b133101fbcd16d99081b8b6aa095be0cd3166eec/fxgl-11.16.jar!/fxglassets/ui/css/fxgl_dark.css
00:43:38.153 [FXGL Background Thread 1 ] DEBUG GameApplicationServi - Initializing application scenes
00:43:38.190 [FXGL Background Thread 1 ] DEBUG GameWorld            - Game world initialized
00:43:38.248 [FXGL Background Thread 1 ] DEBUG PhysicsWorld         - Physics world initialized: appHeight=720, physics.ppm=50,0
00:43:38.249 [FXGL Background Thread 1 ] DEBUG PhysicsWorld         - Using strategy: BRUTE_FORCE
00:43:38.251 [FXGL Background Thread 1 ] DEBUG GameScene            - Game scene initialized: 1280x720
00:43:38.260 [FXGL Background Thread 1 ] DEBUG FXGL.DefaultMenu     - createMenuBodyGameMenu()
00:43:38.276 [FXGL Background Thread 1 ] DEBUG FXGL.DefaultMenu     - createOptionsMenu()
00:43:38.284 [FXGL Background Thread 1 ] DEBUG FXGLAssetLoaderServi - Loading from file system: jar:file:/C:/Users/Daan/.gradle/caches/modules-2/files-2.1/com.github.almasb/fxgl/11.16/b133101fbcd16d99081b8b6aa095be0cd3166eec/fxgl-11.16.jar!/fxglassets/textures/particles/smoke.png
00:43:38.364 [FXGL Background Thread 1 ] DEBUG FXGLAssetLoaderServi - Loading from file system: jar:file:/C:/Users/Daan/.gradle/caches/modules-2/files-2.1/com.github.almasb/fxgl/11.16/b133101fbcd16d99081b8b6aa095be0cd3166eec/fxgl-11.16.jar!/fxglassets/textures/particles/trace_horizontal.png
00:43:38.397 [FXGL Background Thread 1 ] DEBUG GameApplicationServi - Application scenes initialized
00:43:38.406 [FXGL Background Thread 1 ] DEBUG SystemBundleService  - Loading FXGL system data
00:43:38.409 [FXGL Background Thread 1 ] DEBUG FileSystemAccess     - Reading from: C:\Users\Daan\IdeaProjects\School\bamboogame\system\fxgl.bundle
00:43:38.415 [FXGL Background Thread 1 ] DEBUG SystemBundleService  - Bundle FXGL: {}
00:43:38.415 [FXGL Background Thread 1 ] DEBUG UpdaterService       - Checking for updates
00:43:38.419 [FXGL Background Thread 4 ] DEBUG FXGLApplication      - Loading fonts
00:43:38.419 [FXGL Background Thread 1 ] DEBUG FXGLApplication      - Loading default localization
00:43:38.420 [FXGL Background Thread 4 ] DEBUG FXGLAssetLoaderServi - Loading from file system: jar:file:/C:/Users/Daan/.gradle/caches/modules-2/files-2.1/com.github.almasb/fxgl/11.16/b133101fbcd16d99081b8b6aa095be0cd3166eec/fxgl-11.16.jar!/fxglassets/ui/fonts/VarelaRound-Regular.ttf
00:43:38.420 [FXGL Background Thread 1 ] DEBUG FXGLAssetLoaderServi - Loading from file system: jar:file:/C:/Users/Daan/.gradle/caches/modules-2/files-2.1/com.github.almasb/fxgl/11.16/b133101fbcd16d99081b8b6aa095be0cd3166eec/fxgl-11.16.jar!/fxglassets/languages/english.lang
00:43:38.437 [FXGL Background Thread 1 ] INFO  FXGLApplication      - FXGL initialization took: 0,369 sec
00:43:38.439 [JavaFX Application Thread] DEBUG FXGLAssetLoaderServi - Loading from file system: jar:file:/C:/Users/Daan/.gradle/caches/modules-2/files-2.1/com.github.almasb/fxgl/11.16/b133101fbcd16d99081b8b6aa095be0cd3166eec/fxgl-11.16.jar!/fxglassets/textures/fxgl_icon.png
00:43:38.463 [JavaFX Application Thread] DEBUG FXGLAssetLoaderServi - Loading from file system: jar:file:/C:/Users/Daan/.gradle/caches/modules-2/files-2.1/com.github.almasb/fxgl/11.16/b133101fbcd16d99081b8b6aa095be0cd3166eec/fxgl-11.16.jar!/fxglassets/textures/fxgl_default_cursor.png
00:43:38.476 [JavaFX Application Thread] DEBUG Input                - Registered new binding: Screenshot - CTRL+8
00:43:38.477 [JavaFX Application Thread] DEBUG Input                - Registered new binding: System info dump - CTRL+9
00:43:38.477 [JavaFX Application Thread] DEBUG Input                - Registered new binding: Restart - CTRL+R
00:43:38.479 [JavaFX Application Thread] DEBUG Input                - Registered new binding: Toggle Debug Camera - CTRL+C
00:43:38.481 [JavaFX Application Thread] DEBUG LoopRunner           - Starting loop
00:43:38.482 [JavaFX Application Thread] DEBUG LoopRunner           - Initializing JavaFX AnimationTimerLoop
00:43:38.483 [JavaFX Application Thread] DEBUG GameApplicationServi - Starting new game
00:43:38.484 [JavaFX Application Thread] DEBUG Input                - Clearing active input actions
00:43:38.498 [JavaFX Application Thread] DEBUG GameApplicationServi - Removing overlay from FXGLStartupScene and adding to FXGLLoadingScene
00:43:38.498 [JavaFX Application Thread] DEBUG PrimaryStageWindow   - FXGLStartupScene -> FXGLLoadingScene
00:43:38.499 [JavaFX Application Thread] DEBUG GameApplicationServi - Clearing previous game
00:43:38.499 [JavaFX Application Thread] DEBUG GameScene            - Clearing game scene
00:43:38.499 [JavaFX Application Thread] DEBUG GameWorld            - Clearing game world
00:43:38.500 [JavaFX Application Thread] DEBUG PhysicsWorld         - Clearing physics world
00:43:38.501 [FXGL Background Thread 1 ] DEBUG FXGLApplication      - Initializing game
00:43:38.503 [FXGL Background Thread 1 ] INFO  FXGLApplication      - Game initialization took: 0,001 sec
00:43:38.511 [FXGL Background Thread 4 ] DEBUG FXGLAssetLoaderServi - Loading from file system: jar:file:/C:/Users/Daan/.gradle/caches/modules-2/files-2.1/com.github.almasb/fxgl/11.16/b133101fbcd16d99081b8b6aa095be0cd3166eec/fxgl-11.16.jar!/fxglassets/ui/fonts/Abel-Regular.ttf
00:43:38.516 [FXGL Background Thread 4 ] DEBUG FXGLAssetLoaderServi - Loading from file system: jar:file:/C:/Users/Daan/.gradle/caches/modules-2/files-2.1/com.github.almasb/fxgl/11.16/b133101fbcd16d99081b8b6aa095be0cd3166eec/fxgl-11.16.jar!/fxglassets/ui/fonts/lucida_console.ttf
00:43:38.522 [FXGL Background Thread 4 ] DEBUG FXGLAssetLoaderServi - Loading from file system: jar:file:/C:/Users/Daan/.gradle/caches/modules-2/files-2.1/com.github.almasb/fxgl/11.16/b133101fbcd16d99081b8b6aa095be0cd3166eec/fxgl-11.16.jar!/fxglassets/ui/fonts/Courier-Prime.ttf
00:43:38.547 [JavaFX Application Thread] DEBUG Input                - Clearing active input actions
00:43:38.557 [JavaFX Application Thread] DEBUG GameApplicationServi - Removing overlay from FXGLLoadingScene and adding to GameScene
00:43:38.558 [JavaFX Application Thread] DEBUG PrimaryStageWindow   - FXGLLoadingScene -> GameScene
00:43:38.559 [JavaFX Application Thread] DEBUG FXGLApplication      - Registering font factories with UI factory
00:43:38.831 [FXGL Background Thread 2 ] INFO  UpdaterService       - Your current version:  11.16
00:43:38.832 [FXGL Background Thread 2 ] INFO  UpdaterService       - Latest stable version: 11.17
00:43:41.418 [FXGL Background Thread 3 ] DEBUG Engine               - Logging environment variables
00:43:41.418 [FXGL Background Thread 3 ] DEBUG Engine               - achievements: []
00:43:41.419 [FXGL Background Thread 3 ] DEBUG Engine               - actualHeight: 720.0
00:43:41.419 [FXGL Background Thread 3 ] DEBUG Engine               - actualHeightProperty: ReadOnlyDoubleProperty [value: 720.0]
00:43:41.419 [FXGL Background Thread 3 ] DEBUG Engine               - actualWidth: 1280.0
00:43:41.419 [FXGL Background Thread 3 ] DEBUG Engine               - actualWidthProperty: ReadOnlyDoubleProperty [value: 1280.0]
00:43:41.419 [FXGL Background Thread 3 ] DEBUG Engine               - appIcon: fxgl_icon.png
00:43:41.419 [FXGL Background Thread 3 ] DEBUG Engine               - applicationMode: DEVELOPER
00:43:41.420 [FXGL Background Thread 3 ] DEBUG Engine               - cSSList: [fxgl_dark.css]
00:43:41.420 [FXGL Background Thread 3 ] DEBUG Engine               - collisionDetectionStrategy: BRUTE_FORCE
00:43:41.420 [FXGL Background Thread 3 ] DEBUG Engine               - configClass: Optional.empty
00:43:41.420 [FXGL Background Thread 3 ] DEBUG Engine               - credits: []
00:43:41.420 [FXGL Background Thread 3 ] DEBUG Engine               - defaultCursor: CursorInfo(imageName=fxgl_default_cursor.png, hotspotX=7.0, hotspotY=6.0)
00:43:41.421 [FXGL Background Thread 3 ] DEBUG Engine               - devBBoxColorProperty: ObjectProperty [value: 0xff0000ff]
00:43:41.421 [FXGL Background Thread 3 ] DEBUG Engine               - devEnableDebugCameraProperty: BooleanProperty [value: false]
00:43:41.421 [FXGL Background Thread 3 ] DEBUG Engine               - devSensorColorProperty: ObjectProperty [value: 0xffff00ff]
00:43:41.421 [FXGL Background Thread 3 ] DEBUG Engine               - devShowBBoxProperty: BooleanProperty [value: false]
00:43:41.421 [FXGL Background Thread 3 ] DEBUG Engine               - devShowPositionProperty: BooleanProperty [value: false]
00:43:41.422 [FXGL Background Thread 3 ] DEBUG Engine               - enabledMenuItems: []
00:43:41.422 [FXGL Background Thread 3 ] DEBUG Engine               - engineServices: [class com.almasb.fxgl.app.services.FXGLAssetLoaderService, class com.almasb.fxgl.app.FXGLApplication$GameApplicationService, class com.almasb.fxgl.app.services.FXGLDialogService, class com.almasb.fxgl.app.services.IOTaskExecutorService, class com.almasb.fxgl.io.FileSystemService, class com.almasb.fxgl.localization.LocalizationService, class com.almasb.fxgl.app.services.SystemBundleService, class com.almasb.fxgl.profile.SaveLoadService, class com.almasb.fxgl.ui.FXGLUIFactoryServiceProvider, class com.almasb.fxgl.ui.FXGLDialogFactoryServiceProvider, class com.almasb.fxgl.audio.AudioPlayer, class com.almasb.fxgl.notification.impl.NotificationServiceProvider, class com.almasb.fxgl.achievement.AchievementService, class com.almasb.fxgl.cutscene.CutsceneService, class com.almasb.fxgl.minigames.MiniGameService, class com.almasb.fxgl.net.NetService, class com.almasb.fxgl.app.services.UpdaterService, class com.almasb.fxgl.dev.DevService]
00:43:41.422 [FXGL Background Thread 3 ] DEBUG Engine               - fontGame: Abel-Regular.ttf
00:43:41.422 [FXGL Background Thread 3 ] DEBUG Engine               - fontMono: lucida_console.ttf
00:43:41.422 [FXGL Background Thread 3 ] DEBUG Engine               - fontText: Courier-Prime.ttf
00:43:41.422 [FXGL Background Thread 3 ] DEBUG Engine               - fontUI: VarelaRound-Regular.ttf
00:43:41.422 [FXGL Background Thread 3 ] DEBUG Engine               - fullScreen: BooleanProperty [value: false]
00:43:41.423 [FXGL Background Thread 3 ] DEBUG Engine               - gameDifficulty: MEDIUM
00:43:41.423 [FXGL Background Thread 3 ] DEBUG Engine               - gameDifficultyProperty: ObjectProperty [value: MEDIUM]
00:43:41.423 [FXGL Background Thread 3 ] DEBUG Engine               - globalMusicVolume: 0.5
00:43:41.423 [FXGL Background Thread 3 ] DEBUG Engine               - globalMusicVolumeProperty: DoubleProperty [value: 0.5]
00:43:41.423 [FXGL Background Thread 3 ] DEBUG Engine               - globalSoundVolume: 0.5
00:43:41.424 [FXGL Background Thread 3 ] DEBUG Engine               - globalSoundVolumeProperty: DoubleProperty [value: 0.5]
00:43:41.424 [FXGL Background Thread 3 ] DEBUG Engine               - height: 720
00:43:41.424 [FXGL Background Thread 3 ] DEBUG Engine               - is3D: false
00:43:41.424 [FXGL Background Thread 3 ] DEBUG Engine               - isAndroid: false
00:43:41.424 [FXGL Background Thread 3 ] DEBUG Engine               - isBrowser: false
00:43:41.424 [FXGL Background Thread 3 ] DEBUG Engine               - isClickFeedbackEnabled: false
00:43:41.424 [FXGL Background Thread 3 ] DEBUG Engine               - isCloseConfirmation: false
00:43:41.424 [FXGL Background Thread 3 ] DEBUG Engine               - isDesktop: true
00:43:41.425 [FXGL Background Thread 3 ] DEBUG Engine               - isDeveloperMenuEnabled: false
00:43:41.425 [FXGL Background Thread 3 ] DEBUG Engine               - isEntityPreloadEnabled: true
00:43:41.425 [FXGL Background Thread 3 ] DEBUG Engine               - isExperimentalTiledLargeMap: false
00:43:41.425 [FXGL Background Thread 3 ] DEBUG Engine               - isFileSystemWriteAllowed: true
00:43:41.425 [FXGL Background Thread 3 ] DEBUG Engine               - isFullScreenAllowed: false
00:43:41.425 [FXGL Background Thread 3 ] DEBUG Engine               - isFullScreenFromStart: false
00:43:41.426 [FXGL Background Thread 3 ] DEBUG Engine               - isGameMenuEnabled: true
00:43:41.426 [FXGL Background Thread 3 ] DEBUG Engine               - isIOS: false
00:43:41.426 [FXGL Background Thread 3 ] DEBUG Engine               - isIntroEnabled: false
00:43:41.426 [FXGL Background Thread 3 ] DEBUG Engine               - isLinux: false
00:43:41.426 [FXGL Background Thread 3 ] DEBUG Engine               - isMac: false
00:43:41.426 [FXGL Background Thread 3 ] DEBUG Engine               - isMainMenuEnabled: false
00:43:41.426 [FXGL Background Thread 3 ] DEBUG Engine               - isManualResizeEnabled: false
00:43:41.426 [FXGL Background Thread 3 ] DEBUG Engine               - isMobile: false
00:43:41.426 [FXGL Background Thread 3 ] DEBUG Engine               - isNative: false
00:43:41.427 [FXGL Background Thread 3 ] DEBUG Engine               - isPreserveResizeRatio: false
00:43:41.427 [FXGL Background Thread 3 ] DEBUG Engine               - isProfilingEnabled: false
00:43:41.427 [FXGL Background Thread 3 ] DEBUG Engine               - isScaleAffectedOnResize: true
00:43:41.427 [FXGL Background Thread 3 ] DEBUG Engine               - isSingleStep: false
00:43:41.427 [FXGL Background Thread 3 ] DEBUG Engine               - isUserProfileEnabled: false
00:43:41.427 [FXGL Background Thread 3 ] DEBUG Engine               - isWindows: true
00:43:41.428 [FXGL Background Thread 3 ] DEBUG Engine               - language: ObjectProperty [value: ENGLISH]
00:43:41.428 [FXGL Background Thread 3 ] DEBUG Engine               - menuKey: ESCAPE
00:43:41.428 [FXGL Background Thread 3 ] DEBUG Engine               - mouseSensitivity: 0.2
00:43:41.428 [FXGL Background Thread 3 ] DEBUG Engine               - notificationViewClass: class com.almasb.fxgl.notification.view.XboxNotificationView
00:43:41.428 [FXGL Background Thread 3 ] DEBUG Engine               - pixelsPerMeter: 50.0
00:43:41.428 [FXGL Background Thread 3 ] DEBUG Engine               - platform: WINDOWS
00:43:41.428 [FXGL Background Thread 3 ] DEBUG Engine               - prefHeightProperty: ReadOnlyDoubleProperty [value: 720.0]
00:43:41.429 [FXGL Background Thread 3 ] DEBUG Engine               - prefWidthProperty: ReadOnlyDoubleProperty [value: 1280.0]
00:43:41.429 [FXGL Background Thread 3 ] DEBUG Engine               - profileDir: profiles/
00:43:41.429 [FXGL Background Thread 3 ] DEBUG Engine               - profileName: StringProperty [value: DEFAULT]
00:43:41.429 [FXGL Background Thread 3 ] DEBUG Engine               - randomSeed: -1
00:43:41.429 [FXGL Background Thread 3 ] DEBUG Engine               - runtimeInfo: RuntimeInfo(platform=WINDOWS, version=11.16, build=25.05.2021 08.16)
00:43:41.429 [FXGL Background Thread 3 ] DEBUG Engine               - saveFileExt: sav
00:43:41.429 [FXGL Background Thread 3 ] DEBUG Engine               - scaledHeightProp$fxgl: DoubleProperty [bound, value: 720.0]
00:43:41.429 [FXGL Background Thread 3 ] DEBUG Engine               - scaledWidthProp$fxgl: DoubleProperty [bound, value: 1280.0]
00:43:41.430 [FXGL Background Thread 3 ] DEBUG Engine               - sceneFactory: com.almasb.fxgl.app.scene.SceneFactory@1b8644fa
00:43:41.430 [FXGL Background Thread 3 ] DEBUG Engine               - secondsIn24h: 60
00:43:41.430 [FXGL Background Thread 3 ] DEBUG Engine               - soundMenuBack: menu/back.wav
00:43:41.430 [FXGL Background Thread 3 ] DEBUG Engine               - soundMenuPress: menu/press.wav
00:43:41.430 [FXGL Background Thread 3 ] DEBUG Engine               - soundMenuSelect: menu/select.wav
00:43:41.430 [FXGL Background Thread 3 ] DEBUG Engine               - soundNotification: core/notification.wav
00:43:41.430 [FXGL Background Thread 3 ] DEBUG Engine               - stageStyle: DECORATED
00:43:41.430 [FXGL Background Thread 3 ] DEBUG Engine               - supportedLanguages: [ENGLISH, FRENCH, GERMAN, HUNGARIAN, RUSSIAN]
00:43:41.431 [FXGL Background Thread 3 ] DEBUG Engine               - ticksPerSecond: -1
00:43:41.431 [FXGL Background Thread 3 ] DEBUG Engine               - title: Basic Game App
00:43:41.431 [FXGL Background Thread 3 ] DEBUG Engine               - urlGithub: https://github.com/AlmasB/FXGL
00:43:41.431 [FXGL Background Thread 3 ] DEBUG Engine               - urlLeaderboard: http://fxgl-top.herokuapp.com/
00:43:41.431 [FXGL Background Thread 3 ] DEBUG Engine               - urlPOM: https://raw.githubusercontent.com/AlmasB/FXGL/release/README.md
00:43:41.431 [FXGL Background Thread 3 ] DEBUG Engine               - userAppClass: class com.university.maastricht.Main
00:43:41.431 [FXGL Background Thread 3 ] DEBUG Engine               - version: 0.0
00:43:41.431 [FXGL Background Thread 3 ] DEBUG Engine               - versionCheckDays: 7
00:43:41.432 [FXGL Background Thread 3 ] DEBUG Engine               - width: 1280
00:43:41.432 [FXGL Background Thread 3 ] DEBUG Engine               - Logging services
00:43:41.432 [FXGL Background Thread 3 ] DEBUG Engine               - class com.almasb.fxgl.app.services.FXGLAssetLoaderService
00:43:41.432 [FXGL Background Thread 3 ] DEBUG Engine               - class com.almasb.fxgl.app.FXGLApplication$GameApplicationService
00:43:41.432 [FXGL Background Thread 3 ] DEBUG Engine               - class com.almasb.fxgl.app.services.FXGLDialogService
00:43:41.432 [FXGL Background Thread 3 ] DEBUG Engine               - class com.almasb.fxgl.app.services.IOTaskExecutorService
00:43:41.432 [FXGL Background Thread 3 ] DEBUG Engine               - class com.almasb.fxgl.io.FileSystemService
00:43:41.432 [FXGL Background Thread 3 ] DEBUG Engine               - class com.almasb.fxgl.localization.LocalizationService
00:43:41.432 [FXGL Background Thread 3 ] DEBUG Engine               - class com.almasb.fxgl.app.services.SystemBundleService
00:43:41.433 [FXGL Background Thread 3 ] DEBUG Engine               - class com.almasb.fxgl.profile.SaveLoadService
00:43:41.433 [FXGL Background Thread 3 ] DEBUG Engine               - class com.almasb.fxgl.ui.FXGLUIFactoryServiceProvider
00:43:41.433 [FXGL Background Thread 3 ] DEBUG Engine               - class com.almasb.fxgl.ui.FXGLDialogFactoryServiceProvider
00:43:41.433 [FXGL Background Thread 3 ] DEBUG Engine               - class com.almasb.fxgl.audio.AudioPlayer
00:43:41.433 [FXGL Background Thread 3 ] DEBUG Engine               - class com.almasb.fxgl.notification.impl.NotificationServiceProvider
00:43:41.433 [FXGL Background Thread 3 ] DEBUG Engine               - class com.almasb.fxgl.achievement.AchievementService
00:43:41.433 [FXGL Background Thread 3 ] DEBUG Engine               - class com.almasb.fxgl.cutscene.CutsceneService
00:43:41.434 [FXGL Background Thread 3 ] DEBUG Engine               - class com.almasb.fxgl.minigames.MiniGameService
00:43:41.434 [FXGL Background Thread 3 ] DEBUG Engine               - class com.almasb.fxgl.net.NetService
00:43:41.434 [FXGL Background Thread 3 ] DEBUG Engine               - class com.almasb.fxgl.app.services.UpdaterService
00:43:41.434 [FXGL Background Thread 3 ] DEBUG Engine               - class com.almasb.fxgl.dev.DevService
00:43:44.751 [JavaFX Application Thread] DEBUG FXGLApplication      - Exiting FXGL
00:43:44.751 [JavaFX Application Thread] DEBUG LoopRunner           - Stopping loop
00:43:44.751 [JavaFX Application Thread] DEBUG SystemBundleService  - Saving FXGL system data
00:43:44.753 [JavaFX Application Thread] DEBUG FileSystemAccess     - Writing to: C:\Users\Daan\IdeaProjects\School\bamboogame\system\fxgl.bundle
00:43:44.754 [JavaFX Application Thread] DEBUG Async                - Shutting down background threads
00:43:44.754 [JavaFX Application Thread] DEBUG PrimaryStageWindow   - Closing main window
00:43:44.768 [JavaFX Application Thread] DEBUG Logger               - Closing Logger
