13:59:46.188 [main                     ] DEBUG Logger               - Configured Logger
13:59:46.203 [main                     ] DEBUG GameApplication      - Logging settings
Title: Basic Game App
Version: 0.1
Width: 1280
Height: 720
Fullscreen: false
Intro: false
Profiling: false
Single step:false
App Mode: DEVELOPER
Menu Key: ESCAPE
Stage Style: DECORATED
Scene Factory: class com.almasb.fxgl.app.scene.SceneFactory

13:59:46.623 [JavaFX Application Thread] DEBUG FXGLApplication      - Initializing FXGL
13:59:46.625 [JavaFX Application Thread] INFO  Engine               - FXGL-11.16 (25.05.2021 08.16) on WINDOWS (J:15.0.1 FX:17)
13:59:46.625 [JavaFX Application Thread] DEBUG Engine               - JRE Vendor Name: Oracle Corporation
13:59:46.625 [JavaFX Application Thread] DEBUG Engine               - Running on OS: Windows 10 version 10.0
13:59:46.625 [JavaFX Application Thread] DEBUG Engine               - Architecture: amd64
13:59:46.625 [JavaFX Application Thread] INFO  Engine               - Source code and latest versions at: https://github.com/AlmasB/FXGL
13:59:46.626 [JavaFX Application Thread] INFO  Engine               -              Join the FXGL chat at: https://gitter.im/AlmasB/FXGL
13:59:46.723 [JavaFX Application Thread] DEBUG PrimaryStageWindow   - Creating a JavaFX scene
13:59:46.764 [JavaFX Application Thread] DEBUG PrimaryStageWindow   - Target settings size: 1280.0 x 720.0
13:59:46.764 [JavaFX Application Thread] DEBUG PrimaryStageWindow   - Scaled scene size:    1280.0 x 720.0
13:59:46.764 [JavaFX Application Thread] DEBUG PrimaryStageWindow   - Scaled ratio: (1.0, 1.0)
13:59:46.765 [JavaFX Application Thread] DEBUG PrimaryStageWindow   - Set initial scene to FXGLStartupScene
13:59:46.772 [JavaFX Application Thread] DEBUG PrimaryStageWindow   - Opening main window
13:59:46.843 [JavaFX Application Thread] DEBUG PrimaryStageWindow   - Window border size: (14.4000244140625, 37.5999755859375)
13:59:46.843 [JavaFX Application Thread] DEBUG PrimaryStageWindow   - Scaled size: 1280.0 x 720.0
13:59:46.843 [JavaFX Application Thread] DEBUG PrimaryStageWindow   - Scaled ratio: (1.0, 1.0)
13:59:46.844 [JavaFX Application Thread] DEBUG PrimaryStageWindow   - Scene size: 1280.0 x 720.0
13:59:46.844 [JavaFX Application Thread] DEBUG PrimaryStageWindow   - Stage size: 1294.4000244140625 x 757.5999755859375
13:59:46.850 [FXGL Background Thread 1 ] DEBUG Engine               - Initializing environment variables
13:59:46.878 [FXGL Background Thread 1 ] DEBUG FXGLAssetLoaderServi - User app class for loading assets: class com.university.maastricht.Main
13:59:46.878 [FXGL Background Thread 1 ] DEBUG GameApplicationServi - Applying CSS: fxgl_dark.css
13:59:46.879 [FXGL Background Thread 1 ] DEBUG FXGLAssetLoaderServi - Loading from file system: jar:file:/C:/Users/Daan/.gradle/caches/modules-2/files-2.1/com.github.almasb/fxgl/11.16/b133101fbcd16d99081b8b6aa095be0cd3166eec/fxgl-11.16.jar!/fxglassets/ui/css/fxgl_dark.css
13:59:46.918 [FXGL Background Thread 1 ] DEBUG GameApplicationServi - Initializing application scenes
13:59:46.946 [FXGL Background Thread 1 ] DEBUG GameWorld            - Game world initialized
13:59:47.000 [FXGL Background Thread 1 ] DEBUG PhysicsWorld         - Physics world initialized: appHeight=720, physics.ppm=50,0
13:59:47.000 [FXGL Background Thread 1 ] DEBUG PhysicsWorld         - Using strategy: BRUTE_FORCE
13:59:47.002 [FXGL Background Thread 1 ] DEBUG GameScene            - Game scene initialized: 1280x720
13:59:47.013 [FXGL Background Thread 1 ] DEBUG FXGL.DefaultMenu     - createMenuBodyGameMenu()
13:59:47.030 [FXGL Background Thread 1 ] DEBUG FXGL.DefaultMenu     - createOptionsMenu()
13:59:47.039 [FXGL Background Thread 1 ] DEBUG FXGLAssetLoaderServi - Loading from file system: jar:file:/C:/Users/Daan/.gradle/caches/modules-2/files-2.1/com.github.almasb/fxgl/11.16/b133101fbcd16d99081b8b6aa095be0cd3166eec/fxgl-11.16.jar!/fxglassets/textures/particles/smoke.png
13:59:47.122 [FXGL Background Thread 1 ] DEBUG FXGLAssetLoaderServi - Loading from file system: jar:file:/C:/Users/Daan/.gradle/caches/modules-2/files-2.1/com.github.almasb/fxgl/11.16/b133101fbcd16d99081b8b6aa095be0cd3166eec/fxgl-11.16.jar!/fxglassets/textures/particles/trace_horizontal.png
13:59:47.160 [FXGL Background Thread 1 ] DEBUG GameApplicationServi - Application scenes initialized
13:59:47.170 [FXGL Background Thread 1 ] DEBUG SystemBundleService  - Loading FXGL system data
13:59:47.175 [FXGL Background Thread 1 ] DEBUG FileSystemAccess     - Reading from: C:\Users\Daan\IdeaProjects\School\bamboogame\system\fxgl.bundle
13:59:47.181 [FXGL Background Thread 1 ] DEBUG SystemBundleService  - Bundle FXGL: {}
13:59:47.181 [FXGL Background Thread 1 ] DEBUG UpdaterService       - Checking for updates
13:59:47.187 [FXGL Background Thread 4 ] DEBUG FXGLApplication      - Loading fonts
13:59:47.187 [FXGL Background Thread 1 ] DEBUG FXGLApplication      - Loading default localization
13:59:47.188 [FXGL Background Thread 4 ] DEBUG FXGLAssetLoaderServi - Loading from file system: jar:file:/C:/Users/Daan/.gradle/caches/modules-2/files-2.1/com.github.almasb/fxgl/11.16/b133101fbcd16d99081b8b6aa095be0cd3166eec/fxgl-11.16.jar!/fxglassets/ui/fonts/VarelaRound-Regular.ttf
13:59:47.188 [FXGL Background Thread 1 ] DEBUG FXGLAssetLoaderServi - Loading from file system: jar:file:/C:/Users/Daan/.gradle/caches/modules-2/files-2.1/com.github.almasb/fxgl/11.16/b133101fbcd16d99081b8b6aa095be0cd3166eec/fxgl-11.16.jar!/fxglassets/languages/english.lang
13:59:47.205 [FXGL Background Thread 1 ] INFO  FXGLApplication      - FXGL initialization took: 0,355 sec
13:59:47.217 [JavaFX Application Thread] DEBUG Input                - Registered new binding: action0 - D
13:59:47.218 [JavaFX Application Thread] DEBUG Input                - Registered new binding: action1 - A
13:59:47.219 [JavaFX Application Thread] DEBUG Input                - Registered new binding: action2 - W
13:59:47.219 [JavaFX Application Thread] DEBUG Input                - Registered new binding: action3 - S
13:59:47.221 [JavaFX Application Thread] DEBUG Input                - Registered new binding: action4 - LMB
13:59:47.222 [JavaFX Application Thread] DEBUG FXGLAssetLoaderServi - Loading from file system: jar:file:/C:/Users/Daan/.gradle/caches/modules-2/files-2.1/com.github.almasb/fxgl/11.16/b133101fbcd16d99081b8b6aa095be0cd3166eec/fxgl-11.16.jar!/fxglassets/textures/fxgl_icon.png
13:59:47.250 [JavaFX Application Thread] DEBUG FXGLAssetLoaderServi - Loading from file system: jar:file:/C:/Users/Daan/.gradle/caches/modules-2/files-2.1/com.github.almasb/fxgl/11.16/b133101fbcd16d99081b8b6aa095be0cd3166eec/fxgl-11.16.jar!/fxglassets/textures/fxgl_default_cursor.png
13:59:47.252 [JavaFX Application Thread] DEBUG Input                - Registered new binding: Screenshot - CTRL+8
13:59:47.253 [JavaFX Application Thread] DEBUG Input                - Registered new binding: System info dump - CTRL+9
13:59:47.254 [JavaFX Application Thread] DEBUG Input                - Registered new binding: Restart - CTRL+R
13:59:47.255 [JavaFX Application Thread] DEBUG Input                - Registered new binding: Toggle Debug Camera - CTRL+C
13:59:47.257 [JavaFX Application Thread] DEBUG LoopRunner           - Starting loop
13:59:47.257 [JavaFX Application Thread] DEBUG LoopRunner           - Initializing JavaFX AnimationTimerLoop
13:59:47.259 [JavaFX Application Thread] DEBUG GameApplicationServi - Starting new game
13:59:47.260 [JavaFX Application Thread] DEBUG Input                - Clearing active input actions
13:59:47.270 [FXGL Background Thread 4 ] DEBUG FXGLAssetLoaderServi - Loading from file system: jar:file:/C:/Users/Daan/.gradle/caches/modules-2/files-2.1/com.github.almasb/fxgl/11.16/b133101fbcd16d99081b8b6aa095be0cd3166eec/fxgl-11.16.jar!/fxglassets/ui/fonts/Abel-Regular.ttf
13:59:47.271 [JavaFX Application Thread] DEBUG GameApplicationServi - Removing overlay from FXGLStartupScene and adding to FXGLLoadingScene
13:59:47.271 [JavaFX Application Thread] DEBUG PrimaryStageWindow   - FXGLStartupScene -> FXGLLoadingScene
13:59:47.272 [JavaFX Application Thread] DEBUG GameApplicationServi - Clearing previous game
13:59:47.272 [JavaFX Application Thread] DEBUG GameScene            - Clearing game scene
13:59:47.272 [JavaFX Application Thread] DEBUG GameWorld            - Clearing game world
13:59:47.272 [JavaFX Application Thread] DEBUG PhysicsWorld         - Clearing physics world
13:59:47.274 [FXGL Background Thread 1 ] DEBUG FXGLApplication      - Initializing game
13:59:47.275 [FXGL Background Thread 4 ] DEBUG FXGLAssetLoaderServi - Loading from file system: jar:file:/C:/Users/Daan/.gradle/caches/modules-2/files-2.1/com.github.almasb/fxgl/11.16/b133101fbcd16d99081b8b6aa095be0cd3166eec/fxgl-11.16.jar!/fxglassets/ui/fonts/lucida_console.ttf
13:59:47.281 [FXGL Background Thread 4 ] DEBUG FXGLAssetLoaderServi - Loading from file system: jar:file:/C:/Users/Daan/.gradle/caches/modules-2/files-2.1/com.github.almasb/fxgl/11.16/b133101fbcd16d99081b8b6aa095be0cd3166eec/fxgl-11.16.jar!/fxglassets/ui/fonts/Courier-Prime.ttf
13:59:47.282 [FXGL Background Thread 1 ] INFO  FXGLApplication      - Game initialization took: 0,007 sec
13:59:47.313 [JavaFX Application Thread] DEBUG Input                - Clearing active input actions
13:59:47.321 [JavaFX Application Thread] DEBUG GameApplicationServi - Removing overlay from FXGLLoadingScene and adding to GameScene
13:59:47.321 [JavaFX Application Thread] DEBUG PrimaryStageWindow   - FXGLLoadingScene -> GameScene
13:59:47.323 [JavaFX Application Thread] DEBUG FXGLApplication      - Registering font factories with UI factory
13:59:47.708 [FXGL Background Thread 2 ] INFO  UpdaterService       - Your current version:  11.16
13:59:47.709 [FXGL Background Thread 2 ] INFO  UpdaterService       - Latest stable version: 11.17
13:59:50.185 [FXGL Background Thread 3 ] DEBUG Engine               - Logging environment variables
13:59:50.185 [FXGL Background Thread 3 ] DEBUG Engine               - achievements: []
13:59:50.185 [FXGL Background Thread 3 ] DEBUG Engine               - actualHeight: 720.0
13:59:50.185 [FXGL Background Thread 3 ] DEBUG Engine               - actualHeightProperty: ReadOnlyDoubleProperty [value: 720.0]
13:59:50.186 [FXGL Background Thread 3 ] DEBUG Engine               - actualWidth: 1280.0
13:59:50.186 [FXGL Background Thread 3 ] DEBUG Engine               - actualWidthProperty: ReadOnlyDoubleProperty [value: 1280.0]
13:59:50.186 [FXGL Background Thread 3 ] DEBUG Engine               - appIcon: fxgl_icon.png
13:59:50.186 [FXGL Background Thread 3 ] DEBUG Engine               - applicationMode: DEVELOPER
13:59:50.186 [FXGL Background Thread 3 ] DEBUG Engine               - cSSList: [fxgl_dark.css]
13:59:50.186 [FXGL Background Thread 3 ] DEBUG Engine               - collisionDetectionStrategy: BRUTE_FORCE
13:59:50.186 [FXGL Background Thread 3 ] DEBUG Engine               - configClass: Optional.empty
13:59:50.186 [FXGL Background Thread 3 ] DEBUG Engine               - credits: []
13:59:50.187 [FXGL Background Thread 3 ] DEBUG Engine               - defaultCursor: CursorInfo(imageName=fxgl_default_cursor.png, hotspotX=7.0, hotspotY=6.0)
13:59:50.187 [FXGL Background Thread 3 ] DEBUG Engine               - devBBoxColorProperty: ObjectProperty [value: 0xff0000ff]
13:59:50.187 [FXGL Background Thread 3 ] DEBUG Engine               - devEnableDebugCameraProperty: BooleanProperty [value: false]
13:59:50.188 [FXGL Background Thread 3 ] DEBUG Engine               - devSensorColorProperty: ObjectProperty [value: 0xffff00ff]
13:59:50.188 [FXGL Background Thread 3 ] DEBUG Engine               - devShowBBoxProperty: BooleanProperty [value: false]
13:59:50.188 [FXGL Background Thread 3 ] DEBUG Engine               - devShowPositionProperty: BooleanProperty [value: false]
13:59:50.188 [FXGL Background Thread 3 ] DEBUG Engine               - enabledMenuItems: []
13:59:50.188 [FXGL Background Thread 3 ] DEBUG Engine               - engineServices: [class com.almasb.fxgl.app.services.FXGLAssetLoaderService, class com.almasb.fxgl.app.FXGLApplication$GameApplicationService, class com.almasb.fxgl.app.services.FXGLDialogService, class com.almasb.fxgl.app.services.IOTaskExecutorService, class com.almasb.fxgl.io.FileSystemService, class com.almasb.fxgl.localization.LocalizationService, class com.almasb.fxgl.app.services.SystemBundleService, class com.almasb.fxgl.profile.SaveLoadService, class com.almasb.fxgl.ui.FXGLUIFactoryServiceProvider, class com.almasb.fxgl.ui.FXGLDialogFactoryServiceProvider, class com.almasb.fxgl.audio.AudioPlayer, class com.almasb.fxgl.notification.impl.NotificationServiceProvider, class com.almasb.fxgl.achievement.AchievementService, class com.almasb.fxgl.cutscene.CutsceneService, class com.almasb.fxgl.minigames.MiniGameService, class com.almasb.fxgl.net.NetService, class com.almasb.fxgl.app.services.UpdaterService, class com.almasb.fxgl.dev.DevService]
13:59:50.188 [FXGL Background Thread 3 ] DEBUG Engine               - fontGame: Abel-Regular.ttf
13:59:50.188 [FXGL Background Thread 3 ] DEBUG Engine               - fontMono: lucida_console.ttf
13:59:50.188 [FXGL Background Thread 3 ] DEBUG Engine               - fontText: Courier-Prime.ttf
13:59:50.188 [FXGL Background Thread 3 ] DEBUG Engine               - fontUI: VarelaRound-Regular.ttf
13:59:50.189 [FXGL Background Thread 3 ] DEBUG Engine               - fullScreen: BooleanProperty [value: false]
13:59:50.189 [FXGL Background Thread 3 ] DEBUG Engine               - gameDifficulty: MEDIUM
13:59:50.189 [FXGL Background Thread 3 ] DEBUG Engine               - gameDifficultyProperty: ObjectProperty [value: MEDIUM]
13:59:50.189 [FXGL Background Thread 3 ] DEBUG Engine               - globalMusicVolume: 0.5
13:59:50.189 [FXGL Background Thread 3 ] DEBUG Engine               - globalMusicVolumeProperty: DoubleProperty [value: 0.5]
13:59:50.189 [FXGL Background Thread 3 ] DEBUG Engine               - globalSoundVolume: 0.5
13:59:50.189 [FXGL Background Thread 3 ] DEBUG Engine               - globalSoundVolumeProperty: DoubleProperty [value: 0.5]
13:59:50.190 [FXGL Background Thread 3 ] DEBUG Engine               - height: 720
13:59:50.190 [FXGL Background Thread 3 ] DEBUG Engine               - is3D: false
13:59:50.190 [FXGL Background Thread 3 ] DEBUG Engine               - isAndroid: false
13:59:50.190 [FXGL Background Thread 3 ] DEBUG Engine               - isBrowser: false
13:59:50.190 [FXGL Background Thread 3 ] DEBUG Engine               - isClickFeedbackEnabled: false
13:59:50.190 [FXGL Background Thread 3 ] DEBUG Engine               - isCloseConfirmation: false
13:59:50.190 [FXGL Background Thread 3 ] DEBUG Engine               - isDesktop: true
13:59:50.190 [FXGL Background Thread 3 ] DEBUG Engine               - isDeveloperMenuEnabled: false
13:59:50.190 [FXGL Background Thread 3 ] DEBUG Engine               - isEntityPreloadEnabled: true
13:59:50.191 [FXGL Background Thread 3 ] DEBUG Engine               - isExperimentalTiledLargeMap: false
13:59:50.191 [FXGL Background Thread 3 ] DEBUG Engine               - isFileSystemWriteAllowed: true
13:59:50.191 [FXGL Background Thread 3 ] DEBUG Engine               - isFullScreenAllowed: false
13:59:50.191 [FXGL Background Thread 3 ] DEBUG Engine               - isFullScreenFromStart: false
13:59:50.191 [FXGL Background Thread 3 ] DEBUG Engine               - isGameMenuEnabled: true
13:59:50.192 [FXGL Background Thread 3 ] DEBUG Engine               - isIOS: false
13:59:50.192 [FXGL Background Thread 3 ] DEBUG Engine               - isIntroEnabled: false
13:59:50.192 [FXGL Background Thread 3 ] DEBUG Engine               - isLinux: false
13:59:50.192 [FXGL Background Thread 3 ] DEBUG Engine               - isMac: false
13:59:50.192 [FXGL Background Thread 3 ] DEBUG Engine               - isMainMenuEnabled: false
13:59:50.192 [FXGL Background Thread 3 ] DEBUG Engine               - isManualResizeEnabled: false
13:59:50.192 [FXGL Background Thread 3 ] DEBUG Engine               - isMobile: false
13:59:50.192 [FXGL Background Thread 3 ] DEBUG Engine               - isNative: false
13:59:50.192 [FXGL Background Thread 3 ] DEBUG Engine               - isPreserveResizeRatio: false
13:59:50.193 [FXGL Background Thread 3 ] DEBUG Engine               - isProfilingEnabled: false
13:59:50.193 [FXGL Background Thread 3 ] DEBUG Engine               - isScaleAffectedOnResize: true
13:59:50.193 [FXGL Background Thread 3 ] DEBUG Engine               - isSingleStep: false
13:59:50.193 [FXGL Background Thread 3 ] DEBUG Engine               - isUserProfileEnabled: false
13:59:50.193 [FXGL Background Thread 3 ] DEBUG Engine               - isWindows: true
13:59:50.193 [FXGL Background Thread 3 ] DEBUG Engine               - language: ObjectProperty [value: ENGLISH]
13:59:50.193 [FXGL Background Thread 3 ] DEBUG Engine               - menuKey: ESCAPE
13:59:50.193 [FXGL Background Thread 3 ] DEBUG Engine               - mouseSensitivity: 0.2
13:59:50.194 [FXGL Background Thread 3 ] DEBUG Engine               - notificationViewClass: class com.almasb.fxgl.notification.view.XboxNotificationView
13:59:50.194 [FXGL Background Thread 3 ] DEBUG Engine               - pixelsPerMeter: 50.0
13:59:50.194 [FXGL Background Thread 3 ] DEBUG Engine               - platform: WINDOWS
13:59:50.194 [FXGL Background Thread 3 ] DEBUG Engine               - prefHeightProperty: ReadOnlyDoubleProperty [value: 720.0]
13:59:50.194 [FXGL Background Thread 3 ] DEBUG Engine               - prefWidthProperty: ReadOnlyDoubleProperty [value: 1280.0]
13:59:50.194 [FXGL Background Thread 3 ] DEBUG Engine               - profileDir: profiles/
13:59:50.194 [FXGL Background Thread 3 ] DEBUG Engine               - profileName: StringProperty [value: DEFAULT]
13:59:50.194 [FXGL Background Thread 3 ] DEBUG Engine               - randomSeed: -1
13:59:50.194 [FXGL Background Thread 3 ] DEBUG Engine               - runtimeInfo: RuntimeInfo(platform=WINDOWS, version=11.16, build=25.05.2021 08.16)
13:59:50.194 [FXGL Background Thread 3 ] DEBUG Engine               - saveFileExt: sav
13:59:50.195 [FXGL Background Thread 3 ] DEBUG Engine               - scaledHeightProp$fxgl: DoubleProperty [bound, value: 720.0]
13:59:50.195 [FXGL Background Thread 3 ] DEBUG Engine               - scaledWidthProp$fxgl: DoubleProperty [bound, value: 1280.0]
13:59:50.195 [FXGL Background Thread 3 ] DEBUG Engine               - sceneFactory: com.almasb.fxgl.app.scene.SceneFactory@70d608f9
13:59:50.195 [FXGL Background Thread 3 ] DEBUG Engine               - secondsIn24h: 60
13:59:50.195 [FXGL Background Thread 3 ] DEBUG Engine               - soundMenuBack: menu/back.wav
13:59:50.195 [FXGL Background Thread 3 ] DEBUG Engine               - soundMenuPress: menu/press.wav
13:59:50.195 [FXGL Background Thread 3 ] DEBUG Engine               - soundMenuSelect: menu/select.wav
13:59:50.195 [FXGL Background Thread 3 ] DEBUG Engine               - soundNotification: core/notification.wav
13:59:50.195 [FXGL Background Thread 3 ] DEBUG Engine               - stageStyle: DECORATED
13:59:50.196 [FXGL Background Thread 3 ] DEBUG Engine               - supportedLanguages: [ENGLISH, FRENCH, GERMAN, HUNGARIAN, RUSSIAN]
13:59:50.196 [FXGL Background Thread 3 ] DEBUG Engine               - ticksPerSecond: -1
13:59:50.196 [FXGL Background Thread 3 ] DEBUG Engine               - title: Basic Game App
13:59:50.196 [FXGL Background Thread 3 ] DEBUG Engine               - urlGithub: https://github.com/AlmasB/FXGL
13:59:50.196 [FXGL Background Thread 3 ] DEBUG Engine               - urlLeaderboard: http://fxgl-top.herokuapp.com/
13:59:50.196 [FXGL Background Thread 3 ] DEBUG Engine               - urlPOM: https://raw.githubusercontent.com/AlmasB/FXGL/release/README.md
13:59:50.196 [FXGL Background Thread 3 ] DEBUG Engine               - userAppClass: class com.university.maastricht.Main
13:59:50.196 [FXGL Background Thread 3 ] DEBUG Engine               - version: 0.1
13:59:50.196 [FXGL Background Thread 3 ] DEBUG Engine               - versionCheckDays: 7
13:59:50.197 [FXGL Background Thread 3 ] DEBUG Engine               - width: 1280
13:59:50.197 [FXGL Background Thread 3 ] DEBUG Engine               - Logging services
13:59:50.197 [FXGL Background Thread 3 ] DEBUG Engine               - class com.almasb.fxgl.app.services.FXGLAssetLoaderService
13:59:50.197 [FXGL Background Thread 3 ] DEBUG Engine               - class com.almasb.fxgl.app.FXGLApplication$GameApplicationService
13:59:50.197 [FXGL Background Thread 3 ] DEBUG Engine               - class com.almasb.fxgl.app.services.FXGLDialogService
13:59:50.197 [FXGL Background Thread 3 ] DEBUG Engine               - class com.almasb.fxgl.app.services.IOTaskExecutorService
13:59:50.197 [FXGL Background Thread 3 ] DEBUG Engine               - class com.almasb.fxgl.io.FileSystemService
13:59:50.197 [FXGL Background Thread 3 ] DEBUG Engine               - class com.almasb.fxgl.localization.LocalizationService
13:59:50.197 [FXGL Background Thread 3 ] DEBUG Engine               - class com.almasb.fxgl.app.services.SystemBundleService
13:59:50.198 [FXGL Background Thread 3 ] DEBUG Engine               - class com.almasb.fxgl.profile.SaveLoadService
13:59:50.198 [FXGL Background Thread 3 ] DEBUG Engine               - class com.almasb.fxgl.ui.FXGLUIFactoryServiceProvider
13:59:50.198 [FXGL Background Thread 3 ] DEBUG Engine               - class com.almasb.fxgl.ui.FXGLDialogFactoryServiceProvider
13:59:50.198 [FXGL Background Thread 3 ] DEBUG Engine               - class com.almasb.fxgl.audio.AudioPlayer
13:59:50.198 [FXGL Background Thread 3 ] DEBUG Engine               - class com.almasb.fxgl.notification.impl.NotificationServiceProvider
13:59:50.198 [FXGL Background Thread 3 ] DEBUG Engine               - class com.almasb.fxgl.achievement.AchievementService
13:59:50.198 [FXGL Background Thread 3 ] DEBUG Engine               - class com.almasb.fxgl.cutscene.CutsceneService
13:59:50.198 [FXGL Background Thread 3 ] DEBUG Engine               - class com.almasb.fxgl.minigames.MiniGameService
13:59:50.199 [FXGL Background Thread 3 ] DEBUG Engine               - class com.almasb.fxgl.net.NetService
13:59:50.199 [FXGL Background Thread 3 ] DEBUG Engine               - class com.almasb.fxgl.app.services.UpdaterService
13:59:50.199 [FXGL Background Thread 3 ] DEBUG Engine               - class com.almasb.fxgl.dev.DevService
14:12:08.379 [JavaFX Application Thread] DEBUG FXGLApplication      - Exiting FXGL
14:12:08.379 [JavaFX Application Thread] DEBUG LoopRunner           - Stopping loop
14:12:08.379 [JavaFX Application Thread] DEBUG SystemBundleService  - Saving FXGL system data
14:12:08.380 [JavaFX Application Thread] DEBUG FileSystemAccess     - Writing to: C:\Users\Daan\IdeaProjects\School\bamboogame\system\fxgl.bundle
14:12:08.382 [JavaFX Application Thread] DEBUG Async                - Shutting down background threads
14:12:08.382 [JavaFX Application Thread] DEBUG PrimaryStageWindow   - Closing main window
14:12:08.392 [JavaFX Application Thread] DEBUG Logger               - Closing Logger
